setting device: cuda:5
Traceback (most recent call last):
  File "/home/ubuntu/miniconda3/envs/cormpo/lib/python3.8/site-packages/gym/envs/mujoco/mujoco_env.py", line 12, in <module>
    import mujoco_py
ModuleNotFoundError: No module named 'mujoco_py'

During handling of the above exception, another exception occurred:

Traceback (most recent call last):
  File "mopo.py", line 181, in <module>
    main(args=get_args())
  File "mopo.py", line 145, in main
    env = gym.make(args.task)
  File "/home/ubuntu/miniconda3/envs/cormpo/lib/python3.8/site-packages/gym/envs/registration.py", line 676, in make
    return registry.make(id, **kwargs)
  File "/home/ubuntu/miniconda3/envs/cormpo/lib/python3.8/site-packages/gym/envs/registration.py", line 520, in make
    return spec.make(**kwargs)
  File "/home/ubuntu/miniconda3/envs/cormpo/lib/python3.8/site-packages/gym/envs/registration.py", line 139, in make
    cls = load(self.entry_point)
  File "/home/ubuntu/miniconda3/envs/cormpo/lib/python3.8/site-packages/gym/envs/registration.py", line 55, in load
    mod = importlib.import_module(mod_name)
  File "/home/ubuntu/miniconda3/envs/cormpo/lib/python3.8/importlib/__init__.py", line 127, in import_module
    return _bootstrap._gcd_import(name[level:], package, level)
  File "<frozen importlib._bootstrap>", line 1014, in _gcd_import
  File "<frozen importlib._bootstrap>", line 991, in _find_and_load
  File "<frozen importlib._bootstrap>", line 961, in _find_and_load_unlocked
  File "<frozen importlib._bootstrap>", line 219, in _call_with_frames_removed
  File "<frozen importlib._bootstrap>", line 1014, in _gcd_import
  File "<frozen importlib._bootstrap>", line 991, in _find_and_load
  File "<frozen importlib._bootstrap>", line 975, in _find_and_load_unlocked
  File "<frozen importlib._bootstrap>", line 671, in _load_unlocked
  File "<frozen importlib._bootstrap_external>", line 843, in exec_module
  File "<frozen importlib._bootstrap>", line 219, in _call_with_frames_removed
  File "/home/ubuntu/miniconda3/envs/cormpo/lib/python3.8/site-packages/gym/envs/mujoco/__init__.py", line 1, in <module>
    from gym.envs.mujoco.mujoco_env import MujocoEnv
  File "/home/ubuntu/miniconda3/envs/cormpo/lib/python3.8/site-packages/gym/envs/mujoco/mujoco_env.py", line 14, in <module>
    raise error.DependencyNotInstalled(
gym.error.DependencyNotInstalled: No module named 'mujoco_py'. (HINT: you need to install mujoco_py, and also perform the setup instructions here: https://github.com/openai/mujoco-py/.)
Traceback (most recent call last):
  File "/home/ubuntu/miniconda3/envs/cormpo/lib/python3.8/site-packages/gym/envs/mujoco/mujoco_env.py", line 12, in <module>
    import mujoco_py
ModuleNotFoundError: No module named 'mujoco_py'

During handling of the above exception, another exception occurred:

Traceback (most recent call last):
  File "mopo.py", line 181, in <module>
    main(args=get_args())
  File "mopo.py", line 145, in main
    env = gym.make(args.task)
  File "/home/ubuntu/miniconda3/envs/cormpo/lib/python3.8/site-packages/gym/envs/registration.py", line 676, in make
    return registry.make(id, **kwargs)
  File "/home/ubuntu/miniconda3/envs/cormpo/lib/python3.8/site-packages/gym/envs/registration.py", line 520, in make
    return spec.make(**kwargs)
  File "/home/ubuntu/miniconda3/envs/cormpo/lib/python3.8/site-packages/gym/envs/registration.py", line 139, in make
    cls = load(self.entry_point)
  File "/home/ubuntu/miniconda3/envs/cormpo/lib/python3.8/site-packages/gym/envs/registration.py", line 55, in load
    mod = importlib.import_module(mod_name)
  File "/home/ubuntu/miniconda3/envs/cormpo/lib/python3.8/importlib/__init__.py", line 127, in import_module
    return _bootstrap._gcd_import(name[level:], package, level)
  File "<frozen importlib._bootstrap>", line 1014, in _gcd_import
  File "<frozen importlib._bootstrap>", line 991, in _find_and_load
  File "<frozen importlib._bootstrap>", line 961, in _find_and_load_unlocked
  File "<frozen importlib._bootstrap>", line 219, in _call_with_frames_removed
  File "<frozen importlib._bootstrap>", line 1014, in _gcd_import
  File "<frozen importlib._bootstrap>", line 991, in _find_and_load
  File "<frozen importlib._bootstrap>", line 975, in _find_and_load_unlocked
  File "<frozen importlib._bootstrap>", line 671, in _load_unlocked
  File "<frozen importlib._bootstrap_external>", line 843, in exec_module
  File "<frozen importlib._bootstrap>", line 219, in _call_with_frames_removed
  File "/home/ubuntu/miniconda3/envs/cormpo/lib/python3.8/site-packages/gym/envs/mujoco/__init__.py", line 1, in <module>
    from gym.envs.mujoco.mujoco_env import MujocoEnv
  File "/home/ubuntu/miniconda3/envs/cormpo/lib/python3.8/site-packages/gym/envs/mujoco/mujoco_env.py", line 14, in <module>
    raise error.DependencyNotInstalled(
gym.error.DependencyNotInstalled: No module named 'mujoco_py'. (HINT: you need to install mujoco_py, and also perform the setup instructions here: https://github.com/openai/mujoco-py/.)
